********************************************************************************
DUPLICATOR-LITE PACKAGE-LOG: 28.12.2017 18:00
NOTICE: Do NOT post to public sites or forums 
********************************************************************************
VERSION:	1.2.30
WORDPRESS:	4.9.1
PHP INFO:	5.6.30 | SAPI: apache2handler
SERVER:		Apache/2.4.7 
PHP TIME LIMIT: (0) no time limit imposed 
PHP MAX MEMORY: Unabled to set php memory_limit 
MEMORY STACK: 51.5MB 

********************************************************************************
DATABASE:
********************************************************************************
BUILD MODE:   MYSQLDUMP
MYSQLTIMEOUT: 5000
MYSQLDUMP:    Is Supported 
FILTERED: [] 
RESPONSE: Ran from /usr/bin/mysqldump 
TABLES: total:40 | filtered:0 | create:40 
SQL CREATED: 20171228_d181d0b0d0b9d182d0b1d0bbd0b0d0_77962c3e75a852b53028171228175913_database.sql 
SQL FILE SIZE: 1.49MB (1561073) 
SQL FILE TIME: 2017-12-28 18:00:08 
SQL RUNTIME: 0.12 sec. 

******************************************************************************** 
ARCHIVE (ZIP): 
******************************************************************************** 
ARCHIVE DIR:  /home/c/cr42072/wordpress/public_html 
ARCHIVE FILE: 20171228_d181d0b0d0b9d182d0b1d0bbd0b0d0_77962c3e75a852b53028171228175913_archive.zip 
FILTERS: *OFF* 
DIRS:
	not set 
FILES:
	not set 
EXTS:  not set 
---------------------------------------- 
COMPRESSING 
SIZE:	73.79MB 
STATS:	Dirs 930 | Files 6,173 
SQL ADDED: 20171228_d181d0b0d0b9d182d0b1d0bbd0b0d0_77962c3e75a852b53028171228175913_database.sql 
ZipArchive Object
(
    [status] => 0
    [statusSys] => 0
    [numFiles] => 7103
    [filename] => /home/c/cr42072/wordpress/public_html/wp-snapshots/tmp/20171228_d181d0b0d0b9d182d0b1d0bbd0b0d0_77962c3e75a852b53028171228175913_archive.zip
    [comment] => 
)
 
COMPRESSION RESULT: '1' 
COMPRESSED SIZE: 30.54MB 
ARCHIVE RUNTIME: 6.65 sec. 
MEMORY STACK: 54.5MB 

******************************************************************************** 
MAKE INSTALLER: 
******************************************************************************** 
Build Start 
Build Finished 
Preping for use 
PACK SIZE:  
Template parsed with new data 
Complete [/home/c/cr42072/wordpress/public_html/wp-snapshots/tmp/20171228_d181d0b0d0b9d182d0b1d0bbd0b0d0_77962c3e75a852b53028171228175913_installer.php] 
Added to archive 

******************************************************************************** 
INTEGRITY CHECKS: 
******************************************************************************** 
SQL File: 1.49MB 
Installer File: 443.55KB 
Archive File: 30.54MB  

********************************************************************************
RECORD ID:[1]
TOTAL PROCESS RUNTIME: 6.98 sec.
PEAK PHP MEMORY USED: 56.5MB
DONE PROCESSING => 20171228_d181d0b0d0b9d182d0b1d0bbd0b0d0 28.12.2017 18:00
 
